README.md
cat.err
error.log
file1
file2
just_for_you
ls.out
stations.csv
stations.ssv
students
temp
wc
arch
awk
basename
bash
cat
cgclassify
cgcreate
cgdelete
cgexec
cgget
cgset
cgsnapshot
chgrp
chmod
chown
cp
cpio
cut
dash
date
dbus-cleanup-sockets
dbus-daemon
dbus-monitor
dbus-send
dbus-uuidgen
dd
df
dmesg
dnsdomainname
domainname
dumpkeys
echo
ed
egrep
env
ex
false
fgrep
find
findmnt
gawk
grep
gtar
gunzip
gzip
hostname
ipcalc
iptables-xml
kbd_mode
keyctl
kill
link
ln
loadkeys
login
ls
lsblk
lscgroup
lssubsys
mkdir
mknod
mktemp
more
mount
mountpoint
mv
nano
netstat
nice
nisdomainname
ping
ping6
ps
pwd
raw
readlink
red
rm
rmdir
rnano
rpm
rvi
rview
sed
setfont
setserial
sh
sleep
sort
stty
su
sync
tar
taskset
touch
tracepath
tracepath6
traceroute
traceroute6
true
umount
uname
unicode_start
unicode_stop
unlink
usleep
vi
view
ypdomainname
zcat
